[14:57:51] [main/INFO] (FabricLoader/GameProvider) Loading Minecraft 26.1.2 with Fabric Loader 0.18.5
[14:57:51] [main/INFO] (FabricLoader/Mappings) Mappings not present!
[14:57:52] [main/INFO] (FabricLoader) Loading 70 mods:
	- fabric-api 0.144.3+26.1
	- fabric-api-base 2.0.3+ece0632347
	- fabric-api-lookup-api-v1 2.0.10+d5a053b647
	- fabric-biome-api-v1 18.0.4+35c80edc47
	- fabric-block-api-v1 3.0.2+ec56b60147
	- fabric-block-getter-api-v2 2.0.6+ec56b60147
	- fabric-client-gametest-api-v1 5.0.12+688f513047
	- fabric-command-api-v2 3.0.5+e2bdee7847
	- fabric-content-registries-v0 11.0.12+d871b99e47
	- fabric-convention-tags-v2 4.3.2+c37e6e5f47
	- fabric-crash-report-info-v1 1.0.3+9f78a5a847
	- fabric-creative-tab-api-v1 5.0.10+d871b99e47
	- fabric-data-attachment-api-v1 2.2.2+35c80edc47
	- fabric-data-generation-api-v1 24.0.17+35c80edc47
	- fabric-debug-api-v1 1.0.1+c792624d47
	- fabric-dimensions-v1 5.1.4+9cbf5da547
	- fabric-entity-events-v1 5.0.2+e2bdee7847
	- fabric-events-interaction-v0 5.1.10+c82f046147
	- fabric-game-rule-api-v1 4.0.5+d871b99e47
	- fabric-gametest-api-v1 4.0.13+00a1fba647
	- fabric-item-api-v1 14.1.0+9833182c47
	- fabric-key-mapping-api-v1 2.0.4+e2bdee7847
	- fabric-language-kotlin 1.12.3+kotlin.2.0.21
	   |-- org_jetbrains_kotlin_kotlin-reflect 2.0.21
	   |-- org_jetbrains_kotlin_kotlin-stdlib 2.0.21
	   |-- org_jetbrains_kotlin_kotlin-stdlib-jdk7 2.0.21
	   |-- org_jetbrains_kotlin_kotlin-stdlib-jdk8 2.0.21
	   |-- org_jetbrains_kotlinx_atomicfu-jvm 0.25.0
	   |-- org_jetbrains_kotlinx_kotlinx-coroutines-core-jvm 1.9.0
	   |-- org_jetbrains_kotlinx_kotlinx-coroutines-jdk8 1.9.0
	   |-- org_jetbrains_kotlinx_kotlinx-datetime-jvm 0.6.1
	   |-- org_jetbrains_kotlinx_kotlinx-io-bytestring-jvm 0.5.4
	   |-- org_jetbrains_kotlinx_kotlinx-io-core-jvm 0.5.4
	   |-- org_jetbrains_kotlinx_kotlinx-serialization-cbor-jvm 1.7.3
	   |-- org_jetbrains_kotlinx_kotlinx-serialization-core-jvm 1.7.3
	   \-- org_jetbrains_kotlinx_kotlinx-serialization-json-jvm 1.7.3
	- fabric-lifecycle-events-v1 4.0.6+a9b9c17647
	- fabric-loot-api-v3 3.0.11+00a1fba647
	- fabric-menu-api-v1 2.0.12+d871b99e47
	- fabric-message-api-v1 7.0.5+dae8ce3e47
	- fabric-networking-api-v1 6.3.0+50a808ce47
	- fabric-object-builder-api-v1 23.0.13+b61fef4347
	- fabric-particles-v1 5.0.14+b61fef4347
	- fabric-recipe-api-v1 9.0.13+be4b75ae47
	- fabric-registry-sync-v0 7.0.12+b61fef4347
	- fabric-rendering-fluids-v1 6.0.1+d871b99e47
	- fabric-rendering-v1 23.0.4+10de3da347
	- fabric-resource-conditions-api-v1 6.0.5+00a1fba647
	- fabric-resource-loader-v0 3.3.16+4fc5413f47
	- fabric-resource-loader-v1 2.0.9+d871b99e47
	- fabric-screen-api-v1 5.0.1+d871b99e47
	- fabric-serialization-api-v1 2.0.3+11a26f3147
	- fabric-sound-api-v1 2.0.4+11a26f3147
	- fabric-tag-api-v1 2.0.9+11a26f3147
	- fabric-transfer-api-v1 8.0.2+d871b99e47
	- fabric-transitive-access-wideners-v1 8.0.11+d871b99e47
	- fabricloader 0.18.5
	- java 25
	- minecraft 26.1.2
	- mixinextras 0.5.3
	- titlechanger 1.4.4
	- yet_another_config_lib_v3 3.9.0+26.1-fabric
	   |-- com_twelvemonkeys_common_common-image 3.12.0
	   |-- com_twelvemonkeys_common_common-io 3.12.0
	   |-- com_twelvemonkeys_common_common-lang 3.12.0
	   |-- com_twelvemonkeys_imageio_imageio-core 3.12.0
	   |-- com_twelvemonkeys_imageio_imageio-metadata 3.12.0
	   |-- com_twelvemonkeys_imageio_imageio-webp 3.12.0
	   |-- org_quiltmc_parsers_gson 0.2.1
	   \-- org_quiltmc_parsers_json 0.2.1
[14:57:52] [main/WARN] (FabricLoader/ModRemap) Runtime mod remapping disabled due to no fabric.remapClasspathFile being specified. You may need to update loom.
[14:57:52] [main/INFO] (FabricLoader/Mixin) SpongePowered MIXIN Subsystem Version=0.8.7 Source=file:/C:/Users/Alex/.gradle/caches/modules-2/files-2.1/net.fabricmc/sponge-mixin/0.17.0+mixin.0.8.7/cf31463202f72d03b0ef1e1e38e8ee71b7faaab6/sponge-mixin-0.17.0+mixin.0.8.7.jar Service=Knot/Fabric Env=CLIENT
[14:57:52] [main/WARN] (FabricLoader/Mixin) The requested compatibility level JAVA_25 is higher than the level supported by the active subsystem 'Knot/Fabric' which supports JAVA_22. This is not a supported configuration and instability may occur.
[14:57:52] [main/INFO] (FabricLoader/Mixin) Compatibility level set to JAVA_25
[14:57:52] [main/WARN] (FabricLoader/Mixin) Reference map 'yet_another_config_lib_v3.refmap.json' for yacl.mixins.json could not be read. If this is a development environment you can ignore this message
[14:57:52] [main/WARN] (FabricLoader/Mixin) Reference map 'yet_another_config_lib_v3.refmap.json' for yacl-fabric.mixins.json could not be read. If this is a development environment you can ignore this message
[14:57:52] [main/INFO] (FabricLoader/MixinExtras|Service) Initializing MixinExtras via com.llamalad7.mixinextras.service.MixinExtrasServiceImpl(version=0.5.3).
[14:57:53] [Datafixer Bootstrap/INFO] (Minecraft) 291 Datafixer optimizations took 168 milliseconds
[14:57:55] [Render thread/INFO] (Minecraft) Environment: Environment[sessionHost=https://sessionserver.mojang.com, servicesHost=https://api.minecraftservices.com, profilesHost=https://api.mojang.com, name=PROD]
[14:57:55] [Render thread/INFO] (Minecraft) Setting user: Player602
[14:57:55] [Render thread/INFO] (Minecraft) [STDOUT]: [TitleChanger] Mod Initialized!
[14:57:55] [Render thread/INFO] (YetAnotherConfigLib) Deserializing YACLConfig from 'C:\Users\Alex\IdeaProjects\titlechanger\run\config\yacl.json5'
[14:57:56] [Download-2/ERROR] (Minecraft) Failed to fetch user properties
com.mojang.authlib.exceptions.InvalidCredentialsException: Status: 401
	at knot//com.mojang.authlib.exceptions.MinecraftClientHttpException.toAuthenticationException(MinecraftClientHttpException.java:59)
	at knot//com.mojang.authlib.yggdrasil.YggdrasilUserApiService.fetchProperties(YggdrasilUserApiService.java:150)
	at knot//net.minecraft.client.Minecraft.lambda$new$1(Minecraft.java:459)
	at java.base/java.util.concurrent.CompletableFuture$AsyncSupply.run(CompletableFuture.java:1789)
	at java.base/java.util.concurrent.ThreadPoolExecutor.runWorker(ThreadPoolExecutor.java:1090)
	at java.base/java.util.concurrent.ThreadPoolExecutor$Worker.run(ThreadPoolExecutor.java:614)
	at java.base/java.lang.Thread.run(Thread.java:1474)
Caused by: com.mojang.authlib.exceptions.MinecraftClientHttpException: Status: 401
	at knot//com.mojang.authlib.minecraft.client.MinecraftClient.readInputStream(MinecraftClient.java:103)
	at knot//com.mojang.authlib.minecraft.client.MinecraftClient.get(MinecraftClient.java:56)
	at knot//com.mojang.authlib.yggdrasil.YggdrasilUserApiService.fetchProperties(YggdrasilUserApiService.java:121)
	... 5 more
[14:57:56] [Render thread/INFO] (Minecraft) Backend library: LWJGL version 3.4.1-snapshot
[14:57:56] [Render thread/INFO] (Minecraft) Using optional rendering extensions: GL_ARB_buffer_storage, GL_KHR_debug, GL_ARB_vertex_attrib_binding, GL_ARB_direct_state_access, GL_EXT_texture_filter_anisotropic
[14:57:56] [Render thread/INFO] (Minecraft) Reloading ResourceManager: vanilla, fabric-api, fabric-api-base, fabric-api-lookup-api-v1, fabric-biome-api-v1, fabric-block-api-v1, fabric-block-getter-api-v2, fabric-client-gametest-api-v1, fabric-command-api-v2, fabric-content-registries-v0, fabric-convention-tags-v2, fabric-crash-report-info-v1, fabric-creative-tab-api-v1, fabric-data-attachment-api-v1, fabric-data-generation-api-v1, fabric-debug-api-v1, fabric-dimensions-v1, fabric-entity-events-v1, fabric-events-interaction-v0, fabric-game-rule-api-v1, fabric-gametest-api-v1, fabric-item-api-v1, fabric-key-mapping-api-v1, fabric-language-kotlin, fabric-lifecycle-events-v1, fabric-loot-api-v3, fabric-menu-api-v1, fabric-message-api-v1, fabric-networking-api-v1, fabric-object-builder-api-v1, fabric-particles-v1, fabric-recipe-api-v1, fabric-registry-sync-v0, fabric-rendering-fluids-v1, fabric-rendering-v1, fabric-resource-conditions-api-v1, fabric-resource-loader-v0, fabric-resource-loader-v1, fabric-screen-api-v1, fabric-serialization-api-v1, fabric-sound-api-v1, fabric-tag-api-v1, fabric-transfer-api-v1, fabric-transitive-access-wideners-v1, fabricloader, titlechanger, yet_another_config_lib_v3
[14:57:56] [Worker-Main-7/INFO] (Minecraft) Found unifont_all_no_pua-17.0.01.hex, loading
[14:57:56] [Worker-Main-12/INFO] (Minecraft) Found unifont_pua-17.0.01.hex, loading
[14:57:57] [Worker-Main-9/INFO] (Minecraft) Found unifont_jp_patch-17.0.01.hex, loading
[14:57:57] [Download-1/INFO] (Minecraft) Could not authorize you against Realms server: java.lang.RuntimeException: Failed to parse into SignedJWT: FabricMC
[14:57:57] [Download-1/ERROR] (Minecraft) Failed to fetch Realms feature flags
com.mojang.realmsclient.exception.RealmsServiceException: Realms authentication error with message 'java.lang.RuntimeException: Failed to parse into SignedJWT: FabricMC'
	at knot//com.mojang.realmsclient.client.RealmsClient.execute(RealmsClient.java:526)
	at knot//com.mojang.realmsclient.client.RealmsClient.fetchFeatureFlags(RealmsClient.java:186)
	at java.base/java.util.concurrent.CompletableFuture$AsyncSupply.run(CompletableFuture.java:1789)
	at java.base/java.util.concurrent.ThreadPoolExecutor.runWorker(ThreadPoolExecutor.java:1090)
	at java.base/java.util.concurrent.ThreadPoolExecutor$Worker.run(ThreadPoolExecutor.java:614)
	at java.base/java.lang.Thread.run(Thread.java:1474)
[14:57:57] [Render thread/INFO] (Minecraft) OpenAL initialized on device OpenAL Soft on Headphones (High Definition Audio Device)
[14:57:57] [Render thread/INFO] (Minecraft) Sound engine started
[14:57:57] [Render thread/INFO] (Minecraft) Created: 512x256x0 minecraft:textures/atlas/particles.png-atlas
[14:57:57] [Render thread/INFO] (Minecraft) Created: 128x128x0 minecraft:textures/atlas/decorated_pot.png-atlas
[14:57:57] [Render thread/INFO] (Minecraft) Created: 2048x1024x0 minecraft:textures/atlas/armor_trims.png-atlas
[14:57:57] [Render thread/INFO] (Minecraft) Created: 512x256x0 minecraft:textures/atlas/paintings.png-atlas
[14:57:57] [Render thread/INFO] (Minecraft) Created: 1024x512x0 minecraft:textures/atlas/shield_patterns.png-atlas
[14:57:57] [Render thread/INFO] (Minecraft) Created: 2048x2048x4 minecraft:textures/atlas/blocks.png-atlas
[14:57:57] [Render thread/INFO] (Minecraft) Created: 512x512x0 minecraft:textures/atlas/chest.png-atlas
[14:57:57] [Render thread/INFO] (Minecraft) Created: 256x128x0 minecraft:textures/atlas/celestials.png-atlas
[14:57:57] [Render thread/INFO] (Minecraft) Created: 1024x512x0 minecraft:textures/atlas/banner_patterns.png-atlas
[14:57:57] [Render thread/INFO] (Minecraft) Created: 512x512x0 minecraft:textures/atlas/beds.png-atlas
[14:57:57] [Render thread/INFO] (Minecraft) Created: 1024x512x0 minecraft:textures/atlas/items.png-atlas
[14:57:57] [Render thread/INFO] (Minecraft) Created: 1024x1024x0 minecraft:textures/atlas/gui.png-atlas
[14:57:57] [Render thread/INFO] (Minecraft) Created: 128x64x0 minecraft:textures/atlas/map_decorations.png-atlas
[14:57:57] [Render thread/INFO] (Minecraft) Created: 512x256x0 minecraft:textures/atlas/signs.png-atlas
[14:57:57] [Render thread/INFO] (Minecraft) Created: 512x512x0 minecraft:textures/atlas/shulker_boxes.png-atlas
[14:57:58] [IO-Worker-1/INFO] (Minecraft) Could not authorize you against Realms server: java.lang.RuntimeException: Failed to parse into SignedJWT: FabricMC
[14:57:58] [IO-Worker-1/ERROR] (Minecraft) Couldn't connect to realms
com.mojang.realmsclient.exception.RealmsServiceException: Realms authentication error with message 'java.lang.RuntimeException: Failed to parse into SignedJWT: FabricMC'
	at knot//com.mojang.realmsclient.client.RealmsClient.execute(RealmsClient.java:526)
	at knot//com.mojang.realmsclient.client.RealmsClient.clientCompatible(RealmsClient.java:307)
	at knot//com.mojang.realmsclient.RealmsAvailability.lambda$check$0(RealmsAvailability.java:48)
	at java.base/java.util.concurrent.CompletableFuture$AsyncSupply.run(CompletableFuture.java:1789)
	at java.base/java.util.concurrent.ThreadPoolExecutor.runWorker(ThreadPoolExecutor.java:1090)
	at java.base/java.util.concurrent.ThreadPoolExecutor$Worker.run(ThreadPoolExecutor.java:614)
	at java.base/java.lang.Thread.run(Thread.java:1474)
[14:58:06] [Render thread/INFO] (Minecraft) Stopping!
